[0m14:17:44.948262 [debug] [MainThread]: Sending event: {'category': 'dbt', 'action': 'invocation', 'label': 'start', 'context': [<snowplow_tracker.self_describing_json.SelfDescribingJson object at 0x7fd05c05ba60>, <snowplow_tracker.self_describing_json.SelfDescribingJson object at 0x7fd05c632a40>, <snowplow_tracker.self_describing_json.SelfDescribingJson object at 0x7fd05c6329e0>]}


============================== 14:17:44.955826 | bc4ea802-3005-4d53-8fb0-c7a6fa618c89 ==============================
[0m14:17:44.955826 [info ] [MainThread]: Running with dbt=1.7.10
[0m14:17:44.957922 [debug] [MainThread]: running dbt with arguments {'printer_width': '80', 'indirect_selection': 'eager', 'log_cache_events': 'False', 'write_json': 'True', 'partial_parse': 'True', 'cache_selected_only': 'False', 'warn_error': 'None', 'fail_fast': 'False', 'version_check': 'True', 'log_path': 'logs', 'profiles_dir': '/home/julien/.dbt', 'debug': 'False', 'use_colors': 'True', 'use_experimental_parser': 'False', 'no_print': 'None', 'quiet': 'False', 'warn_error_options': 'WarnErrorOptions(include=[], exclude=[])', 'introspect': 'True', 'static_parser': 'True', 'invocation_command': 'dbt init', 'target_path': 'None', 'log_format': 'default', 'send_anonymous_usage_stats': 'True'}
[0m14:18:01.940380 [debug] [MainThread]: Starter project path: /home/julien/Documents/wsc_data_ing/Mini_projets/dbt_project/dbt-venv/lib/python3.10/site-packages/dbt/include/starter_project
[0m14:18:01.945436 [info ] [MainThread]: 
Your new dbt project "dbt_project" was created!

For more information on how to configure the profiles.yml file,
please consult the dbt documentation here:

  https://docs.getdbt.com/docs/configure-your-profile

One more thing:

Need help? Don't hesitate to reach out to us via GitHub issues or on Slack:

  https://community.getdbt.com/

Happy modeling!

[0m14:18:01.946770 [info ] [MainThread]: Setting up your profile.
[0m14:23:41.513225 [info ] [MainThread]: Profile dbt_project written to /home/julien/.dbt/profiles.yml using target's profile_template.yml and your supplied values. Run 'dbt debug' to validate the connection.
[0m14:23:41.523830 [debug] [MainThread]: Resource report: {"command_name": "init", "command_success": true, "command_wall_clock_time": 356.57758, "process_user_time": 2.753673, "process_kernel_time": 0.148738, "process_mem_max_rss": "90884", "process_out_blocks": "88", "process_in_blocks": "0"}
[0m14:23:41.532446 [debug] [MainThread]: Command `dbt init` succeeded at 14:23:41.530076 after 356.59 seconds
[0m14:23:41.539225 [debug] [MainThread]: Sending event: {'category': 'dbt', 'action': 'invocation', 'label': 'end', 'context': [<snowplow_tracker.self_describing_json.SelfDescribingJson object at 0x7fd05c05ba60>, <snowplow_tracker.self_describing_json.SelfDescribingJson object at 0x7fd059ea8ca0>, <snowplow_tracker.self_describing_json.SelfDescribingJson object at 0x7fd059eaad10>]}
[0m14:23:41.545981 [debug] [MainThread]: Flushing usage events
[0m09:33:39.364789 [debug] [MainThread]: Sending event: {'category': 'dbt', 'action': 'invocation', 'label': 'start', 'context': [<snowplow_tracker.self_describing_json.SelfDescribingJson object at 0x7f61a34b3220>, <snowplow_tracker.self_describing_json.SelfDescribingJson object at 0x7f61a1979f00>, <snowplow_tracker.self_describing_json.SelfDescribingJson object at 0x7f61a1979ea0>]}


============================== 09:33:39.368537 | 64fdd7f7-e542-4bdc-9dbf-e04997355525 ==============================
[0m09:33:39.368537 [info ] [MainThread]: Running with dbt=1.7.10
[0m09:33:39.369646 [debug] [MainThread]: running dbt with arguments {'printer_width': '80', 'indirect_selection': 'eager', 'log_cache_events': 'False', 'write_json': 'True', 'partial_parse': 'True', 'cache_selected_only': 'False', 'warn_error': 'None', 'version_check': 'True', 'fail_fast': 'False', 'log_path': 'logs', 'profiles_dir': '/home/julien/.dbt', 'debug': 'False', 'use_colors': 'True', 'use_experimental_parser': 'False', 'no_print': 'None', 'quiet': 'False', 'log_format': 'default', 'introspect': 'True', 'warn_error_options': 'WarnErrorOptions(include=[], exclude=[])', 'invocation_command': 'dbt run', 'target_path': 'None', 'static_parser': 'True', 'send_anonymous_usage_stats': 'True'}
[0m09:33:39.370647 [error] [MainThread]: Encountered an error:
Runtime Error
  No dbt_project.yml found at expected path /home/julien/Documents/wsc_data_ing/Mini_projets/global_dbt_project/dbt_project.yml
  Verify that each entry within packages.yml (and their transitive dependencies) contains a file named dbt_project.yml
  
[0m09:33:39.372110 [debug] [MainThread]: Resource report: {"command_name": "run", "command_wall_clock_time": 0.0751327, "process_user_time": 3.06985, "process_kernel_time": 0.128244, "process_mem_max_rss": "88276", "process_in_blocks": "1416", "process_out_blocks": "16", "command_success": false}
[0m09:33:39.373216 [debug] [MainThread]: Command `dbt run` failed at 09:33:39.372817 after 0.08 seconds
[0m09:33:39.374666 [debug] [MainThread]: Sending event: {'category': 'dbt', 'action': 'invocation', 'label': 'end', 'context': [<snowplow_tracker.self_describing_json.SelfDescribingJson object at 0x7f61a34b3220>, <snowplow_tracker.self_describing_json.SelfDescribingJson object at 0x7f61a1979f90>, <snowplow_tracker.self_describing_json.SelfDescribingJson object at 0x7f61a1979ed0>]}
[0m09:33:39.376098 [debug] [MainThread]: Flushing usage events
